PCAD Importer Log
Project : TPS63051RMWR.LibPkg

Section : C:\Users\Preshit\Documents\GitHub\Low_Power_Embedded_Design\BT Mesh\TPS63051RMWR.lia
    Section : PCB Library - TPS63051RMWR.PcbLib
        Section : Load Messages
            Warning - 1 : Skipping Token TPS63051RMWR On Line 126
            Warning - 1 : Skipping Token attachedSymbol On Line 273
        EndSection

        Section : Import Messages
        EndSection
    EndSection

    Section : SCH Library - TPS63051RMWR.SchLib
        Section : Parsing Messages
            Warning - 1 : Skipping Token padStyleDef On Line 9
            Warning - 1 : Skipping Token multiLayer On Line 84
            Warning - 1 : Skipping Token layerContents On Line 98
            Warning - 1 : Skipping Token layerContents On Line 107
            Warning - 1 : Skipping Token layerContents On Line 113
        EndSection

        Section : Generating SCH Library - TPS63051RMWR.SchLib
        EndSection
    EndSection
EndSection
