PCAD Importer Log
Project : 430182043816.LibPkg

Section : C:\Users\Preshit\Documents\GitHub\Low-Power-Embedded-Design\BT Mesh\430182043816.lia
    Section : PCB Library - 430182043816.PcbLib
        Section : Load Messages
            Warning - 1 : Skipping Token isVisible On Line 95
            Warning - 1 : Skipping Token isVisible On Line 96
            Warning - 1 : Skipping Token isVisible On Line 97
            Warning - 1 : Skipping Token isVisible On Line 98
            Warning - 1 : Skipping Token TAV On Line 117
            Warning - 1 : Skipping Token attachedSymbol On Line 189
        EndSection

        Section : Import Messages
        EndSection
    EndSection

    Section : SCH Library - 430182043816.SchLib
        Section : Parsing Messages
            Warning - 1 : Skipping Token padStyleDef On Line 9
            Warning - 1 : Skipping Token multiLayer On Line 84
            Warning - 1 : Skipping Token layerContents On Line 90
            Warning - 1 : Skipping Token layerContents On Line 100
            Warning - 1 : Skipping Token layerContents On Line 108
        EndSection

        Section : Generating SCH Library - 430182043816.SchLib
        EndSection
    EndSection
EndSection
