PCAD Importer Log
Project : ECS-384-8-36-CKY-TR.LibPkg

Section : C:\Users\Preshit\Documents\GitHub\Low-Power-Embedded-Design\BT Mesh\ECS-384-8-36-CKY-TR.lia
    Section : PCB Library - ECS-384-8-36-CKY-TR.PcbLib
        Section : Load Messages
            Warning - 1 : Skipping Token ECS-384-8-36-CKY-TR On Line 110
            Warning - 1 : Skipping Token attachedSymbol On Line 177
        EndSection

        Section : Import Messages
        EndSection
    EndSection

    Section : SCH Library - ECS-384-8-36-CKY-TR.SchLib
        Section : Parsing Messages
            Warning - 1 : Skipping Token padStyleDef On Line 9
            Warning - 1 : Skipping Token multiLayer On Line 84
            Warning - 1 : Skipping Token layerContents On Line 90
            Warning - 1 : Skipping Token layerContents On Line 99
            Warning - 1 : Skipping Token layerContents On Line 105
        EndSection

        Section : Generating SCH Library - ECS-384-8-36-CKY-TR.SchLib
        EndSection
    EndSection
EndSection
