PCAD Importer Log
Project : SJ2-35043C-SMT-TR.LibPkg

Section : C:\Users\Preshit\Documents\GitHub\Low-Power-Embedded-Design\BT Mesh\SJ2-35043C-SMT-TR.lia
    Section : PCB Library - SJ2-35043C-SMT-TR.PcbLib
        Section : Load Messages
            Warning - 1 : Skipping Token SJ2-35043C-SMT-TR On Line 155
            Warning - 1 : Skipping Token attachedSymbol On Line 252
        EndSection

        Section : Import Messages
        EndSection
    EndSection

    Section : SCH Library - SJ2-35043C-SMT-TR.SchLib
        Section : Parsing Messages
            Warning - 1 : Skipping Token padStyleDef On Line 9
            Warning - 1 : Skipping Token padStyleDef On Line 20
            Warning - 1 : Skipping Token padStyleDef On Line 32
            Warning - 1 : Skipping Token multiLayer On Line 107
            Warning - 1 : Skipping Token layerContents On Line 116
            Warning - 1 : Skipping Token layerContents On Line 131
            Warning - 1 : Skipping Token layerContents On Line 137
        EndSection

        Section : Generating SCH Library - SJ2-35043C-SMT-TR.SchLib
        EndSection
    EndSection
EndSection
